<?xml version="1.0" encoding="UTF-8"?>
<testsuites name="jest tests" tests="2627" failures="0" errors="0" time="31.021">
  <testsuite name="duplex" errors="0" failures="0" skipped="0" timestamp="2026-04-22T12:14:58" time="19.107" tests="26">
    <testcase classname="duplex base should replace" name="duplex base should replace" time="0.049">
    </testcase>
    <testcase classname="duplex base should generate replace (escaped chars)" name="duplex base should generate replace (escaped chars)" time="0.008">
    </testcase>
    <testcase classname="duplex base should generate replace (changes in new array cell, primitive values)" name="duplex base should generate replace (changes in new array cell, primitive values)" time="0.004">
    </testcase>
    <testcase classname="duplex base should generate replace (changes in new array cell, complex values)" name="duplex base should generate replace (changes in new array cell, complex values)" time="0.007">
    </testcase>
    <testcase classname="duplex base should not mutate the document (object to array substitution)" name="duplex base should not mutate the document (object to array substitution)" time="0.002">
    </testcase>
    <testcase classname="duplex base should generate replace (object to array substitution)" name="duplex base should generate replace (object to array substitution)" time="0.001">
    </testcase>
    <testcase classname="duplex base should generate replace (empty object to empty array substitution)" name="duplex base should generate replace (empty object to empty array substitution)" time="0.001">
    </testcase>
    <testcase classname="duplex base should generate add" name="duplex base should generate add" time="0.003">
    </testcase>
    <testcase classname="duplex base should generate remove" name="duplex base should generate remove" time="0.003">
    </testcase>
    <testcase classname="duplex base should not generate the same patch twice (replace)" name="duplex base should not generate the same patch twice (replace)" time="0.262">
    </testcase>
    <testcase classname="duplex base should not generate the same patch twice (add)" name="duplex base should not generate the same patch twice (add)" time="0.017">
    </testcase>
    <testcase classname="duplex base should not generate the same patch twice (remove)" name="duplex base should not generate the same patch twice (remove)" time="0.013">
    </testcase>
    <testcase classname="duplex base should throw error with change array properties" name="duplex base should throw error with change array properties" time="0.002">
    </testcase>
    <testcase classname="duplex base should respect toJSON" name="duplex base should respect toJSON" time="0.004">
    </testcase>
    <testcase classname="duplex base undefined - JS to JSON projection when value is set to `undefined`, should generate remove (undefined is JSON.stringified to no value)" name="duplex base undefined - JS to JSON projection when value is set to `undefined`, should generate remove (undefined is JSON.stringified to no value)" time="0.001">
    </testcase>
    <testcase classname="duplex base undefined - JS to JSON projection when new property is added, and set to `undefined`, nothing should be generated (undefined is JSON.stringified to no value)" name="duplex base undefined - JS to JSON projection when new property is added, and set to `undefined`, nothing should be generated (undefined is JSON.stringified to no value)" time="0.004">
    </testcase>
    <testcase classname="duplex base undefined - JS to JSON projection when array element is set to `undefined`, should generate replace to `null` (undefined array elements are JSON.stringified to `null`)" name="duplex base undefined - JS to JSON projection when array element is set to `undefined`, should generate replace to `null` (undefined array elements are JSON.stringified to `null`)" time="0.002">
    </testcase>
    <testcase classname="duplex base undefined - JS to JSON projection when `undefined` property is set to something, should generate add (undefined is JSON.stringified to no value)" name="duplex base undefined - JS to JSON projection when `undefined` property is set to something, should generate add (undefined is JSON.stringified to no value)" time="0.004">
    </testcase>
    <testcase classname="duplex base undefined - JS to JSON projection when `undefined` array element is set to something, should generate replace (undefined array elements are JSON.stringified to `null`)" name="duplex base undefined - JS to JSON projection when `undefined` array element is set to something, should generate replace (undefined array elements are JSON.stringified to `null`)" time="0.006">
    </testcase>
    <testcase classname="duplex base undefined - JSON to JS extension should generate empty patch, when when new property is set to `undefined`" name="duplex base undefined - JSON to JS extension should generate empty patch, when when new property is set to `undefined`" time="0.006">
    </testcase>
    <testcase classname="duplex base undefined - JSON to JS extension should generate empty patch, when when an `undefined` property is deleted" name="duplex base undefined - JSON to JS extension should generate empty patch, when when an `undefined` property is deleted" time="0.008">
    </testcase>
    <testcase classname="duplex base undefined - JSON to JS extension should generate add, when `undefined` property is set to something" name="duplex base undefined - JSON to JS extension should generate add, when `undefined` property is set to something" time="0.005">
    </testcase>
    <testcase classname="duplex base undefined - JSON to JS extension should generate remove, when value is set to `undefined`" name="duplex base undefined - JSON to JS extension should generate remove, when value is set to `undefined`" time="0.006">
    </testcase>
    <testcase classname="duplex base undefined - JSON to JS extension should generate replace, when array element is set to `undefined`" name="duplex base undefined - JSON to JS extension should generate replace, when array element is set to `undefined`" time="0.002">
    </testcase>
    <testcase classname="duplex base undefined - JSON to JS extension should generate replace, when `undefined` array element is set to something" name="duplex base undefined - JSON to JS extension should generate replace, when `undefined` array element is set to something" time="0.007">
    </testcase>
    <testcase classname="duplex apply should add an Array Value" name="duplex apply should add an Array Value" time="0.006">
    </testcase>
  </testsuite>
  <testsuite name="root replacement with applyOperation" errors="0" failures="0" skipped="0" timestamp="2026-04-22T12:14:58" time="19.19" tests="34">
    <testcase classname="root replacement with applyOperation add operation should `add` an object (on a json document of type object)) - in place" name="root replacement with applyOperation add operation should `add` an object (on a json document of type object)) - in place" time="0.041">
    </testcase>
    <testcase classname="root replacement with applyOperation add operation should `add` an object (on a json document of type object) - and return" name="root replacement with applyOperation add operation should `add` an object (on a json document of type object) - and return" time="0.004">
    </testcase>
    <testcase classname="root replacement with applyOperation add operation should `add` an object (on a json document of type array) - and return" name="root replacement with applyOperation add operation should `add` an object (on a json document of type array) - and return" time="0.001">
    </testcase>
    <testcase classname="root replacement with applyOperation add operation should `add` an array (on a json document of type array) - in place" name="root replacement with applyOperation add operation should `add` an array (on a json document of type array) - in place" time="0.01">
    </testcase>
    <testcase classname="root replacement with applyOperation add operation should `add` an array (on a json document of type array) - and return" name="root replacement with applyOperation add operation should `add` an array (on a json document of type array) - and return" time="0.005">
    </testcase>
    <testcase classname="root replacement with applyOperation add operation should `add` an array (on a json document of type object) - and return" name="root replacement with applyOperation add operation should `add` an array (on a json document of type object) - and return" time="0.008">
    </testcase>
    <testcase classname="root replacement with applyOperation add operation should `add` a primitive (on a json document of type object) - and return" name="root replacement with applyOperation add operation should `add` a primitive (on a json document of type object) - and return" time="0.004">
    </testcase>
    <testcase classname="root replacement with applyOperation add operation should `add` with a primitive (on a json document of type array) - and return" name="root replacement with applyOperation add operation should `add` with a primitive (on a json document of type array) - and return" time="0.001">
    </testcase>
    <testcase classname="root replacement with applyOperation replace operation should `replace` with an object (on a json document of type object)" name="root replacement with applyOperation replace operation should `replace` with an object (on a json document of type object)" time="0.006">
    </testcase>
    <testcase classname="root replacement with applyOperation replace operation should `replace` with an object (on a json document of type array)" name="root replacement with applyOperation replace operation should `replace` with an object (on a json document of type array)" time="0.004">
    </testcase>
    <testcase classname="root replacement with applyOperation replace operation should `replace` with an array (on a json document of type array)" name="root replacement with applyOperation replace operation should `replace` with an array (on a json document of type array)" time="0.005">
    </testcase>
    <testcase classname="root replacement with applyOperation replace operation should `replace` with an array (on a json document of type object)" name="root replacement with applyOperation replace operation should `replace` with an array (on a json document of type object)" time="0.004">
    </testcase>
    <testcase classname="root replacement with applyOperation replace operation should `replace` with a primitive (on a json document of type object)" name="root replacement with applyOperation replace operation should `replace` with a primitive (on a json document of type object)" time="0.001">
    </testcase>
    <testcase classname="root replacement with applyOperation replace operation should `replace` with a primitive (on a json document of type array)" name="root replacement with applyOperation replace operation should `replace` with a primitive (on a json document of type array)" time="0.001">
    </testcase>
    <testcase classname="core - using applyOperation should apply add" name="core - using applyOperation should apply add" time="0.013">
    </testcase>
    <testcase classname="core - using applyOperation should apply add on root" name="core - using applyOperation should apply add on root" time="0.001">
    </testcase>
    <testcase classname="core - using applyOperation should apply remove" name="core - using applyOperation should apply remove" time="0.006">
    </testcase>
    <testcase classname="core - using applyOperation should apply replace" name="core - using applyOperation should apply replace" time="0.005">
    </testcase>
    <testcase classname="core - using applyOperation should apply replace on root" name="core - using applyOperation should apply replace on root" time="0.004">
    </testcase>
    <testcase classname="core shouldn&apos;t touch original tree" name="core shouldn&apos;t touch original tree" time="0.001">
    </testcase>
    <testcase classname="core should apply add" name="core should apply add" time="0.008">
    </testcase>
    <testcase classname="core should apply add on root" name="core should apply add on root" time="0.001">
    </testcase>
    <testcase classname="core should apply remove" name="core should apply remove" time="0.002">
    </testcase>
    <testcase classname="core should apply replace" name="core should apply replace" time="0.004">
    </testcase>
    <testcase classname="core should apply replace on root" name="core should apply replace on root" time="0.001">
    </testcase>
    <testcase classname="core should use value object as a reference" name="core should use value object as a reference" time="0.004">
    </testcase>
    <testcase classname="undefined - JS to JSON projection / JSON to JS extension jsonpatch should apply add for properties already set to `undefined` in target JS document" name="undefined - JS to JSON projection / JSON to JS extension jsonpatch should apply add for properties already set to `undefined` in target JS document" time="0.02">
    </testcase>
    <testcase classname="undefined - JS to JSON projection / JSON to JS extension jsonpatch should apply add for properties with value set to `undefined` (extension)" name="undefined - JS to JSON projection / JSON to JS extension jsonpatch should apply add for properties with value set to `undefined` (extension)" time="0.001">
    </testcase>
    <testcase classname="undefined - JS to JSON projection / JSON to JS extension jsonpatch should apply remove on element already set to `undefined`, and remove it completely" name="undefined - JS to JSON projection / JSON to JS extension jsonpatch should apply remove on element already set to `undefined`, and remove it completely" time="0.001">
    </testcase>
    <testcase classname="undefined - JS to JSON projection / JSON to JS extension jsonpatch should apply remove on array element set to `undefined`" name="undefined - JS to JSON projection / JSON to JS extension jsonpatch should apply remove on array element set to `undefined`" time="0.001">
    </testcase>
    <testcase classname="undefined - JS to JSON projection / JSON to JS extension jsonpatch should apply replace on element set to `undefined`" name="undefined - JS to JSON projection / JSON to JS extension jsonpatch should apply replace on element set to `undefined`" time="0.002">
    </testcase>
    <testcase classname="undefined - JS to JSON projection / JSON to JS extension jsonpatch should apply replace on array element set to `undefined`" name="undefined - JS to JSON projection / JSON to JS extension jsonpatch should apply replace on array element set to `undefined`" time="0.003">
    </testcase>
    <testcase classname="undefined - JS to JSON projection / JSON to JS extension jsonpatch should apply replace element with `undefined` (extension)" name="undefined - JS to JSON projection / JSON to JS extension jsonpatch should apply replace element with `undefined` (extension)" time="0.001">
    </testcase>
    <testcase classname="undefined - JS to JSON projection / JSON to JS extension jsonpatch should apply replace array element with `undefined` (extension)" name="undefined - JS to JSON projection / JSON to JS extension jsonpatch should apply replace array element with `undefined` (extension)" time="0.002">
    </testcase>
  </testsuite>
  <testsuite name="base" errors="0" failures="0" skipped="0" timestamp="2026-04-22T12:14:58" time="19.938" tests="98">
    <testcase classname="base object" name="base object" time="0.031">
    </testcase>
    <testcase classname="base delete key in object" name="base delete key in object" time="0.004">
    </testcase>
    <testcase classname="base object set a plain object" name="base object set a plain object" time="0.003">
    </testcase>
    <testcase classname="base object with Symbol key" name="base object with Symbol key" time="0.009">
    </testcase>
    <testcase classname="base array with push" name="base array with push" time="0.003">
    </testcase>
    <testcase classname="base array with setter" name="base array with setter" time="0.002">
    </testcase>
    <testcase classname="base base array set with object" name="base base array set with object" time="0.002">
    </testcase>
    <testcase classname="base array with pop" name="base array with pop" time="0.006">
    </testcase>
    <testcase classname="base array with reverse" name="base array with reverse" time="0.004">
    </testcase>
    <testcase classname="base array with shift" name="base array with shift" time="0.002">
    </testcase>
    <testcase classname="base array with unshift" name="base array with unshift" time="0.003">
    </testcase>
    <testcase classname="base array with splice" name="base array with splice" time="0.002">
    </testcase>
    <testcase classname="base array with sort" name="base array with sort" time="0.002">
    </testcase>
    <testcase classname="base array with fill" name="base array with fill" time="0.002">
    </testcase>
    <testcase classname="base case1 for array with copyWithin" name="base case1 for array with copyWithin" time="0.03">
    </testcase>
    <testcase classname="base case2 for array with copyWithin" name="base case2 for array with copyWithin" time="0.002">
    </testcase>
    <testcase classname="base case3 for array with copyWithin" name="base case3 for array with copyWithin" time="0.006">
    </testcase>
    <testcase classname="base case4 for array with copyWithin" name="base case4 for array with copyWithin" time="0.004">
    </testcase>
    <testcase classname="base case5 for array with copyWithin" name="base case5 for array with copyWithin" time="0.001">
    </testcase>
    <testcase classname="base set with add operation" name="base set with add operation" time="0.003">
    </testcase>
    <testcase classname="base set clear" name="base set clear" time="0.005">
    </testcase>
    <testcase classname="base base set delete" name="base base set delete" time="0.018">
    </testcase>
    <testcase classname="base set with add undefined" name="base set with add undefined" time="0.007">
    </testcase>
    <testcase classname="base map with set operation" name="base map with set operation" time="0.031">
    </testcase>
    <testcase classname="base map clear" name="base map clear" time="0.014">
    </testcase>
    <testcase classname="base map delete" name="base map delete" time="0.011">
    </testcase>
    <testcase classname="base map with set undefined" name="base map with set undefined" time="0.008">
    </testcase>
    <testcase classname="base map with deep object" name="base map with deep object" time="0.015">
    </testcase>
    <testcase classname="base set with deep object" name="base set with deep object" time="0.037">
    </testcase>
    <testcase classname="no updates object" name="no updates object" time="0.011">
    </testcase>
    <testcase classname="no updates assign the original value to a draft" name="no updates assign the original value to a draft" time="0.001">
    </testcase>
    <testcase classname="no updates object delete" name="no updates object delete" time="0.005">
    </testcase>
    <testcase classname="no updates array with setter" name="no updates array with setter" time="0.009">
    </testcase>
    <testcase classname="no updates array set length" name="no updates array set length" time="0.018">
    </testcase>
    <testcase classname="no updates set about new value operations" name="no updates set about new value operations" time="0.001">
    </testcase>
    <testcase classname="no updates map with new value operations" name="no updates map with new value operations" time="0.012">
    </testcase>
    <testcase classname="no updates map with old value operations" name="no updates map with old value operations" time="0.019">
    </testcase>
    <testcase classname="shared ref object" name="shared ref object" time="0.01">
    </testcase>
    <testcase classname="shared ref base object set ref object" name="shared ref base object set ref object" time="0.002">
    </testcase>
    <testcase classname="shared ref base object set ref object" name="shared ref base object set ref object" time="0.011">
    </testcase>
    <testcase classname="shared ref base array set ref array" name="shared ref base array set ref array" time="0.007">
    </testcase>
    <testcase classname="shared ref base array push ref" name="shared ref base array push ref" time="0.006">
    </testcase>
    <testcase classname="shared ref base array unshift ref" name="shared ref base array unshift ref" time="0.008">
    </testcase>
    <testcase classname="shared ref base array splice ref" name="shared ref base array splice ref" time="0.008">
    </testcase>
    <testcase classname="shared ref base array set ref and reverse" name="shared ref base array set ref and reverse" time="0.006">
    </testcase>
    <testcase classname="shared ref base object set ref object1" name="shared ref base object set ref object1" time="0.002">
    </testcase>
    <testcase classname="shared ref base object set ref object2" name="shared ref base object set ref object2" time="0.001">
    </testcase>
    <testcase classname="shared ref set" name="shared ref set" time="0.001">
    </testcase>
    <testcase classname="shared ref map" name="shared ref map" time="0.003">
    </testcase>
    <testcase classname="async mutation object" name="async mutation object" time="0.02">
    </testcase>
    <testcase classname="freeze object and array" name="freeze object and array" time="0.256">
    </testcase>
    <testcase classname="freeze set" name="freeze set" time="0.018">
    </testcase>
    <testcase classname="freeze map" name="freeze map" time="0.006">
    </testcase>
    <testcase classname="hook in options custom shallow copy" name="hook in options custom shallow copy" time="0.008">
    </testcase>
    <testcase classname="hook in options Unexpected mark function 0" name="hook in options Unexpected mark function 0" time="0.059">
    </testcase>
    <testcase classname="hook in options Unexpected mark function 1" name="hook in options Unexpected mark function 1" time="0.004">
    </testcase>
    <testcase classname="hook in options Unexpected mark function null" name="hook in options Unexpected mark function null" time="0.003">
    </testcase>
    <testcase classname="hook in options Unexpected mark function true" name="hook in options Unexpected mark function true" time="0.004">
    </testcase>
    <testcase classname="hook in options Unexpected mark function false" name="hook in options Unexpected mark function false" time="0.017">
    </testcase>
    <testcase classname="hook in options Unexpected mark function {}" name="hook in options Unexpected mark function {}" time="0.002">
    </testcase>
    <testcase classname="hook in options Unexpected mark function []" name="hook in options Unexpected mark function []" time="0.009">
    </testcase>
    <testcase classname="hook in options Unexpected mark function {}" name="hook in options Unexpected mark function {}" time="0.024">
    </testcase>
    <testcase classname="hook in options only mutable object" name="hook in options only mutable object" time="0.013">
    </testcase>
    <testcase classname="hook in options object with mutable" name="hook in options object with mutable" time="0.006">
    </testcase>
    <testcase classname="hook in options object with root value mutable" name="hook in options object with root value mutable" time="0.011">
    </testcase>
    <testcase classname="hook in options object with deep value mutable" name="hook in options object with deep value mutable" time="0.011">
    </testcase>
    <testcase classname="hook in options array with mutable" name="hook in options array with mutable" time="0.006">
    </testcase>
    <testcase classname="hook in options map with mutable" name="hook in options map with mutable" time="0.011">
    </testcase>
    <testcase classname="hook in options set with mutable" name="hook in options set with mutable" time="0.014">
    </testcase>
    <testcase classname="changes with mutable data object" name="changes with mutable data object" time="0.003">
    </testcase>
    <testcase classname="changes with mutable data array" name="changes with mutable data array" time="0.007">
    </testcase>
    <testcase classname="changes with mutable data set" name="changes with mutable data set" time="0.008">
    </testcase>
    <testcase classname="changes with mutable data map" name="changes with mutable data map" time="0.005">
    </testcase>
    <testcase classname="class instance  base" name="class instance  base" time="0.009">
    </testcase>
    <testcase classname="class instance  hook" name="class instance  hook" time="0.007">
    </testcase>
    <testcase classname="class instance  class with getters - should use a method to assing a field using a getter that return a non primitive object" name="class instance  class with getters - should use a method to assing a field using a getter that return a non primitive object" time="0.008">
    </testcase>
    <testcase classname="class instance  super class with getters - should use a method to assing a field using a getter that return a non primitive object" name="class instance  super class with getters - should use a method to assing a field using a getter that return a non primitive object" time="0.003">
    </testcase>
    <testcase classname="class instance  class with setters - should define a field with a setter" name="class instance  class with setters - should define a field with a setter" time="0.006">
    </testcase>
    <testcase classname="class instance  object with setters - should define a field with a setter" name="class instance  object with setters - should define a field with a setter" time="0.006">
    </testcase>
    <testcase classname="class instance  setter only" name="class instance  setter only" time="0.003">
    </testcase>
    <testcase classname="class instance  getter only" name="class instance  getter only" time="0.016">
    </testcase>
    <testcase classname="class instance  own setter only" name="class instance  own setter only" time="0.014">
    </testcase>
    <testcase classname="class instance  own getter only" name="class instance  own getter only" time="0.01">
    </testcase>
    <testcase classname="class instance  can work with class with computed props" name="class instance  can work with class with computed props" time="0.015">
    </testcase>
    <testcase classname="class instance  array about getOwnPropertyDescriptor" name="class instance  array about getOwnPropertyDescriptor" time="0.006">
    </testcase>
    <testcase classname=" object case2" name=" object case2" time="0.004">
    </testcase>
    <testcase classname=" cross case1" name=" cross case1" time="0.012">
    </testcase>
    <testcase classname=" cross case2" name=" cross case2" time="0.005">
    </testcase>
    <testcase classname="error not support: defineProperty" name="error not support: defineProperty" time="0.022">
    </testcase>
    <testcase classname="error not support: setPrototypeOf" name="error not support: setPrototypeOf" time="0.003">
    </testcase>
    <testcase classname=" can work with own computed props with enableAutoFreeze" name=" can work with own computed props with enableAutoFreeze" time="0.007">
    </testcase>
    <testcase classname=" can work with own computed props" name=" can work with own computed props" time="0.015">
    </testcase>
    <testcase classname=" set a Set value" name=" set a Set value" time="0.008">
    </testcase>
    <testcase classname=" Set with enable patches in root" name=" Set with enable patches in root" time="0.015">
    </testcase>
    <testcase classname=" copy error: check stable mark()" name=" copy error: check stable mark()" time="0.023">
    </testcase>
    <testcase classname=" enablePatches and changes" name=" enablePatches and changes" time="0.011">
    </testcase>
    <testcase classname=" Don&apos;t auto freeze non-enumerable or symbolic properties" name=" Don&apos;t auto freeze non-enumerable or symbolic properties" time="0.011">
    </testcase>
    <testcase classname=" create options" name=" create options" time="0.007">
    </testcase>
  </testsuite>
  <testsuite name="undefined" errors="0" failures="0" skipped="0" timestamp="2026-04-22T12:15:17" time="1.44" tests="15">
    <testcase classname=" shift" name=" shift" time="0.161">
    </testcase>
    <testcase classname=" unshift - 1" name=" unshift - 1" time="0.041">
    </testcase>
    <testcase classname=" shift" name=" shift" time="0.08">
    </testcase>
    <testcase classname=" unshift" name=" unshift" time="0.082">
    </testcase>
    <testcase classname=" splice" name=" splice" time="0.08">
    </testcase>
    <testcase classname=" splice - 1" name=" splice - 1" time="0.083">
    </testcase>
    <testcase classname=" reverse" name=" reverse" time="0.062">
    </testcase>
    <testcase classname=" sort" name=" sort" time="0.037">
    </testcase>
    <testcase classname=" shift - 1" name=" shift - 1" time="0.047">
    </testcase>
    <testcase classname=" unshift - 1" name=" unshift - 1" time="0.023">
    </testcase>
    <testcase classname=" splice - 1" name=" splice - 1" time="0.042">
    </testcase>
    <testcase classname=" reverse - 1" name=" reverse - 1" time="0.038">
    </testcase>
    <testcase classname=" sort - 1" name=" sort - 1" time="0.04">
    </testcase>
    <testcase classname=" copyWithin - 1" name=" copyWithin - 1" time="0.041">
    </testcase>
    <testcase classname=" copyWithin - 2" name=" copyWithin - 2" time="0.035">
    </testcase>
  </testsuite>
  <testsuite name="jsdoc" errors="0" failures="0" skipped="0" timestamp="2026-04-22T12:15:17" time="1.298" tests="7">
    <testcase classname="jsdoc create()" name="jsdoc create()" time="0.31">
    </testcase>
    <testcase classname="jsdoc apply()" name="jsdoc apply()" time="0.107">
    </testcase>
    <testcase classname="jsdoc current()" name="jsdoc current()" time="0.06">
    </testcase>
    <testcase classname="jsdoc original()" name="jsdoc original()" time="0.024">
    </testcase>
    <testcase classname="jsdoc unsafe()" name="jsdoc unsafe()" time="0.025">
    </testcase>
    <testcase classname="jsdoc rawReturn()" name="jsdoc rawReturn()" time="0.019">
    </testcase>
    <testcase classname="jsdoc makeCreator()" name="jsdoc makeCreator()" time="0.066">
    </testcase>
  </testsuite>
  <testsuite name="applyPatches" errors="0" failures="0" skipped="0" timestamp="2026-04-22T12:14:58" time="20.608" tests="140">
    <testcase classname="applyPatches mutates the base state when it is a draft" name="applyPatches mutates the base state when it is a draft" time="0.081">
    </testcase>
    <testcase classname="applyPatches produces a copy of the base state when not a draft" name="applyPatches produces a copy of the base state when not a draft" time="0.014">
    </testcase>
    <testcase classname="applyPatches throws when `op` is not &quot;add&quot;, &quot;replace&quot;, nor &quot;remove&quot;" name="applyPatches throws when `op` is not &quot;add&quot;, &quot;replace&quot;, nor &quot;remove&quot;" time="0.032">
    </testcase>
    <testcase classname="applyPatches throws when `path` cannot be resolved" name="applyPatches throws when `path` cannot be resolved" time="0.015">
    </testcase>
    <testcase classname="applyPatches applied patches cannot be modified" name="applyPatches applied patches cannot be modified" time="0.042">
    </testcase>
    <testcase classname="simple assignment - 1 proxy patches are replayable" name="simple assignment - 1 proxy patches are replayable" time="0.002">
    </testcase>
    <testcase classname="simple assignment - 1 proxy patches can be reversed" name="simple assignment - 1 proxy patches can be reversed" time="0.007">
    </testcase>
    <testcase classname="simple assignment - 2 proxy patches are replayable" name="simple assignment - 2 proxy patches are replayable" time="0.006">
    </testcase>
    <testcase classname="simple assignment - 2 proxy patches can be reversed" name="simple assignment - 2 proxy patches can be reversed" time="0.007">
    </testcase>
    <testcase classname="simple assignment - 3 proxy patches are replayable" name="simple assignment - 3 proxy patches are replayable" time="0.006">
    </testcase>
    <testcase classname="simple assignment - 3 proxy patches can be reversed" name="simple assignment - 3 proxy patches can be reversed" time="0.014">
    </testcase>
    <testcase classname="simple assignment - 4 proxy patches are replayable" name="simple assignment - 4 proxy patches are replayable" time="0.004">
    </testcase>
    <testcase classname="simple assignment - 4 proxy patches can be reversed" name="simple assignment - 4 proxy patches can be reversed" time="0.005">
    </testcase>
    <testcase classname="simple assignment - 5 proxy patches are replayable" name="simple assignment - 5 proxy patches are replayable" time="0.001">
    </testcase>
    <testcase classname="simple assignment - 5 proxy patches can be reversed" name="simple assignment - 5 proxy patches can be reversed" time="0.005">
    </testcase>
    <testcase classname="simple assignment - 6 proxy patches are replayable" name="simple assignment - 6 proxy patches are replayable" time="0.003">
    </testcase>
    <testcase classname="simple assignment - 6 proxy patches can be reversed" name="simple assignment - 6 proxy patches can be reversed" time="0.003">
    </testcase>
    <testcase classname="simple assignment - 7 proxy patches are replayable" name="simple assignment - 7 proxy patches are replayable" time="0.002">
    </testcase>
    <testcase classname="simple assignment - 7 proxy patches can be reversed" name="simple assignment - 7 proxy patches can be reversed" time="0.005">
    </testcase>
    <testcase classname="simple assignment - 8 proxy patches are replayable" name="simple assignment - 8 proxy patches are replayable" time="0.007">
    </testcase>
    <testcase classname="simple assignment - 8 proxy patches can be reversed" name="simple assignment - 8 proxy patches can be reversed" time="0.005">
    </testcase>
    <testcase classname="delete 1 proxy patches are replayable" name="delete 1 proxy patches are replayable" time="0.004">
    </testcase>
    <testcase classname="delete 1 proxy patches can be reversed" name="delete 1 proxy patches can be reversed" time="0.001">
    </testcase>
    <testcase classname="delete 2 proxy patches are replayable" name="delete 2 proxy patches are replayable" time="0.003">
    </testcase>
    <testcase classname="delete 2 proxy patches can be reversed" name="delete 2 proxy patches can be reversed" time="0.001">
    </testcase>
    <testcase classname="delete 3 proxy patches are replayable" name="delete 3 proxy patches are replayable" time="0.001">
    </testcase>
    <testcase classname="delete 3 proxy patches can be reversed" name="delete 3 proxy patches can be reversed" time="0.001">
    </testcase>
    <testcase classname="delete 5 proxy patches are replayable" name="delete 5 proxy patches are replayable" time="0.005">
    </testcase>
    <testcase classname="delete 5 proxy patches can be reversed" name="delete 5 proxy patches can be reversed" time="0.001">
    </testcase>
    <testcase classname="delete 6 proxy patches are replayable" name="delete 6 proxy patches are replayable" time="0.006">
    </testcase>
    <testcase classname="delete 6 proxy patches can be reversed" name="delete 6 proxy patches can be reversed" time="0.001">
    </testcase>
    <testcase classname="delete 7 proxy patches are replayable" name="delete 7 proxy patches are replayable" time="0.001">
    </testcase>
    <testcase classname="delete 7 proxy patches can be reversed" name="delete 7 proxy patches can be reversed" time="0.003">
    </testcase>
    <testcase classname="renaming properties nested object (no changes) proxy patches are replayable" name="renaming properties nested object (no changes) proxy patches are replayable" time="0">
    </testcase>
    <testcase classname="renaming properties nested object (no changes) proxy patches can be reversed" name="renaming properties nested object (no changes) proxy patches can be reversed" time="0">
    </testcase>
    <testcase classname="renaming properties nested change in object proxy patches are replayable" name="renaming properties nested change in object proxy patches are replayable" time="0.003">
    </testcase>
    <testcase classname="renaming properties nested change in object proxy patches can be reversed" name="renaming properties nested change in object proxy patches can be reversed" time="0.001">
    </testcase>
    <testcase classname="renaming properties nested change in map proxy patches are replayable" name="renaming properties nested change in map proxy patches are replayable" time="0.001">
    </testcase>
    <testcase classname="renaming properties nested change in map proxy patches can be reversed" name="renaming properties nested change in map proxy patches can be reversed" time="0">
    </testcase>
    <testcase classname="renaming properties nested change in array proxy patches are replayable" name="renaming properties nested change in array proxy patches are replayable" time="0.002">
    </testcase>
    <testcase classname="renaming properties nested change in array proxy patches can be reversed" name="renaming properties nested change in array proxy patches can be reversed" time="0.001">
    </testcase>
    <testcase classname="renaming properties nested map (no changes) proxy patches are replayable" name="renaming properties nested map (no changes) proxy patches are replayable" time="0.001">
    </testcase>
    <testcase classname="renaming properties nested map (no changes) proxy patches can be reversed" name="renaming properties nested map (no changes) proxy patches can be reversed" time="0.005">
    </testcase>
    <testcase classname="renaming properties nested object (with changes) proxy patches are replayable" name="renaming properties nested object (with changes) proxy patches are replayable" time="0.002">
    </testcase>
    <testcase classname="renaming properties nested object (with changes) proxy patches can be reversed" name="renaming properties nested object (with changes) proxy patches can be reversed" time="0.001">
    </testcase>
    <testcase classname="renaming properties nested map (with changes) proxy patches are replayable" name="renaming properties nested map (with changes) proxy patches are replayable" time="0.005">
    </testcase>
    <testcase classname="renaming properties nested map (with changes) proxy patches can be reversed" name="renaming properties nested map (with changes) proxy patches can be reversed" time="0.003">
    </testcase>
    <testcase classname="renaming properties deeply nested object (with changes) proxy patches are replayable" name="renaming properties deeply nested object (with changes) proxy patches are replayable" time="0.001">
    </testcase>
    <testcase classname="renaming properties deeply nested object (with changes) proxy patches can be reversed" name="renaming properties deeply nested object (with changes) proxy patches can be reversed" time="0.001">
    </testcase>
    <testcase classname="renaming properties deeply nested map (with changes) proxy patches are replayable" name="renaming properties deeply nested map (with changes) proxy patches are replayable" time="0.002">
    </testcase>
    <testcase classname="renaming properties deeply nested map (with changes) proxy patches can be reversed" name="renaming properties deeply nested map (with changes) proxy patches can be reversed" time="0.001">
    </testcase>
    <testcase classname="minimum amount of changes proxy patches are replayable" name="minimum amount of changes proxy patches are replayable" time="0.002">
    </testcase>
    <testcase classname="minimum amount of changes proxy patches can be reversed" name="minimum amount of changes proxy patches can be reversed" time="0.006">
    </testcase>
    <testcase classname="arrays - prepend proxy patches are replayable" name="arrays - prepend proxy patches are replayable" time="0.002">
    </testcase>
    <testcase classname="arrays - prepend proxy patches can be reversed" name="arrays - prepend proxy patches can be reversed" time="0.002">
    </testcase>
    <testcase classname="arrays - multiple prepend proxy patches are replayable" name="arrays - multiple prepend proxy patches are replayable" time="0.002">
    </testcase>
    <testcase classname="arrays - multiple prepend proxy patches can be reversed" name="arrays - multiple prepend proxy patches can be reversed" time="0.002">
    </testcase>
    <testcase classname="arrays - splice middle proxy patches are replayable" name="arrays - splice middle proxy patches are replayable" time="0.003">
    </testcase>
    <testcase classname="arrays - splice middle proxy patches can be reversed" name="arrays - splice middle proxy patches can be reversed" time="0.005">
    </testcase>
    <testcase classname="arrays - multiple splice proxy patches are replayable" name="arrays - multiple splice proxy patches are replayable" time="0.004">
    </testcase>
    <testcase classname="arrays - multiple splice proxy patches can be reversed" name="arrays - multiple splice proxy patches can be reversed" time="0.001">
    </testcase>
    <testcase classname="arrays - modify and shrink proxy patches are replayable" name="arrays - modify and shrink proxy patches are replayable" time="0.001">
    </testcase>
    <testcase classname="arrays - modify and shrink proxy patches can be reversed" name="arrays - modify and shrink proxy patches can be reversed" time="0.005">
    </testcase>
    <testcase classname="arrays - prepend then splice middle proxy patches are replayable" name="arrays - prepend then splice middle proxy patches are replayable" time="0.001">
    </testcase>
    <testcase classname="arrays - prepend then splice middle proxy patches can be reversed" name="arrays - prepend then splice middle proxy patches can be reversed" time="0.002">
    </testcase>
    <testcase classname="arrays - splice middle then prepend proxy patches are replayable" name="arrays - splice middle then prepend proxy patches are replayable" time="0.003">
    </testcase>
    <testcase classname="arrays - splice middle then prepend proxy patches can be reversed" name="arrays - splice middle then prepend proxy patches can be reversed" time="0.001">
    </testcase>
    <testcase classname="arrays - truncate proxy patches are replayable" name="arrays - truncate proxy patches are replayable" time="0.001">
    </testcase>
    <testcase classname="arrays - truncate proxy patches can be reversed" name="arrays - truncate proxy patches can be reversed" time="0.002">
    </testcase>
    <testcase classname="arrays - pop twice proxy patches are replayable" name="arrays - pop twice proxy patches are replayable" time="0.004">
    </testcase>
    <testcase classname="arrays - pop twice proxy patches can be reversed" name="arrays - pop twice proxy patches can be reversed" time="0.001">
    </testcase>
    <testcase classname="arrays - push multiple proxy patches are replayable" name="arrays - push multiple proxy patches are replayable" time="0.002">
    </testcase>
    <testcase classname="arrays - push multiple proxy patches can be reversed" name="arrays - push multiple proxy patches can be reversed" time="0.001">
    </testcase>
    <testcase classname="arrays - splice (expand) proxy patches are replayable" name="arrays - splice (expand) proxy patches are replayable" time="0.002">
    </testcase>
    <testcase classname="arrays - splice (expand) proxy patches can be reversed" name="arrays - splice (expand) proxy patches can be reversed" time="0.001">
    </testcase>
    <testcase classname="arrays - splice (shrink) proxy patches are replayable" name="arrays - splice (shrink) proxy patches are replayable" time="0.002">
    </testcase>
    <testcase classname="arrays - splice (shrink) proxy patches can be reversed" name="arrays - splice (shrink) proxy patches can be reversed" time="0.001">
    </testcase>
    <testcase classname="arrays - delete proxy patches are replayable" name="arrays - delete proxy patches are replayable" time="0.001">
    </testcase>
    <testcase classname="arrays - delete proxy patches can be reversed" name="arrays - delete proxy patches can be reversed" time="0.002">
    </testcase>
    <testcase classname="arrays - append appends to array when last part of path is &apos;-&apos;" name="arrays - append appends to array when last part of path is &apos;-&apos;" time="0.001">
    </testcase>
    <testcase classname="sets - add - 1 proxy patches are replayable" name="sets - add - 1 proxy patches are replayable" time="0.001">
    </testcase>
    <testcase classname="sets - add - 1 proxy patches can be reversed" name="sets - add - 1 proxy patches can be reversed" time="0.001">
    </testcase>
    <testcase classname="sets - add, delete, add - 1 proxy patches are replayable" name="sets - add, delete, add - 1 proxy patches are replayable" time="0.001">
    </testcase>
    <testcase classname="sets - add, delete, add - 1 proxy patches can be reversed" name="sets - add, delete, add - 1 proxy patches can be reversed" time="0.001">
    </testcase>
    <testcase classname="sets - add, delete, add - 2 proxy patches are replayable" name="sets - add, delete, add - 2 proxy patches are replayable" time="0.002">
    </testcase>
    <testcase classname="sets - add, delete, add - 2 proxy patches can be reversed" name="sets - add, delete, add - 2 proxy patches can be reversed" time="0.001">
    </testcase>
    <testcase classname="sets - mutate - 1 proxy patches are replayable" name="sets - mutate - 1 proxy patches are replayable" time="0.001">
    </testcase>
    <testcase classname="sets - mutate - 1 proxy patches can be reversed" name="sets - mutate - 1 proxy patches can be reversed" time="0.004">
    </testcase>
    <testcase classname="arrays - splice should should result in remove op. proxy patches are replayable" name="arrays - splice should should result in remove op. proxy patches are replayable" time="0.003">
    </testcase>
    <testcase classname="arrays - splice should should result in remove op. proxy patches can be reversed" name="arrays - splice should should result in remove op. proxy patches can be reversed" time="0.001">
    </testcase>
    <testcase classname="arrays - NESTED splice should should result in remove op. proxy patches are replayable" name="arrays - NESTED splice should should result in remove op. proxy patches are replayable" time="0.003">
    </testcase>
    <testcase classname="arrays - NESTED splice should should result in remove op. proxy patches can be reversed" name="arrays - NESTED splice should should result in remove op. proxy patches can be reversed" time="0.006">
    </testcase>
    <testcase classname="simple replacement proxy patches are replayable" name="simple replacement proxy patches are replayable" time="0.001">
    </testcase>
    <testcase classname="simple replacement proxy patches can be reversed" name="simple replacement proxy patches can be reversed" time="0.001">
    </testcase>
    <testcase classname="same value replacement - 1 proxy patches are replayable" name="same value replacement - 1 proxy patches are replayable" time="0.001">
    </testcase>
    <testcase classname="same value replacement - 1 proxy patches can be reversed" name="same value replacement - 1 proxy patches can be reversed" time="0.001">
    </testcase>
    <testcase classname="same value replacement - 2 proxy patches are replayable" name="same value replacement - 2 proxy patches are replayable" time="0.001">
    </testcase>
    <testcase classname="same value replacement - 2 proxy patches can be reversed" name="same value replacement - 2 proxy patches can be reversed" time="0.001">
    </testcase>
    <testcase classname="same value replacement - 3 proxy patches are replayable" name="same value replacement - 3 proxy patches are replayable" time="0.001">
    </testcase>
    <testcase classname="same value replacement - 3 proxy patches can be reversed" name="same value replacement - 3 proxy patches can be reversed" time="0">
    </testcase>
    <testcase classname="same value replacement - 4 proxy patches are replayable" name="same value replacement - 4 proxy patches are replayable" time="0">
    </testcase>
    <testcase classname="same value replacement - 4 proxy patches can be reversed" name="same value replacement - 4 proxy patches can be reversed" time="0.001">
    </testcase>
    <testcase classname="same value replacement - 5 proxy patches are replayable" name="same value replacement - 5 proxy patches are replayable" time="0.001">
    </testcase>
    <testcase classname="same value replacement - 5 proxy patches can be reversed" name="same value replacement - 5 proxy patches can be reversed" time="0.004">
    </testcase>
    <testcase classname="same value replacement - 6 proxy patches are replayable" name="same value replacement - 6 proxy patches are replayable" time="0.001">
    </testcase>
    <testcase classname="same value replacement - 6 proxy patches can be reversed" name="same value replacement - 6 proxy patches can be reversed" time="0.001">
    </testcase>
    <testcase classname="simple delete proxy patches are replayable" name="simple delete proxy patches are replayable" time="0.001">
    </testcase>
    <testcase classname="simple delete proxy patches can be reversed" name="simple delete proxy patches can be reversed" time="0.001">
    </testcase>
    <testcase classname="patch compressions yields correct results proxy patches are replayable" name="patch compressions yields correct results proxy patches are replayable" time="0.001">
    </testcase>
    <testcase classname="patch compressions yields correct results proxy patches can be reversed" name="patch compressions yields correct results proxy patches can be reversed" time="0.001">
    </testcase>
    <testcase classname="patch compressions yields correct results proxy patches are replayable" name="patch compressions yields correct results proxy patches are replayable" time="0.001">
    </testcase>
    <testcase classname="patch compressions yields correct results proxy patches can be reversed" name="patch compressions yields correct results proxy patches can be reversed" time="0.001">
    </testcase>
    <testcase classname="patch compressions yields correct results proxy patches are replayable" name="patch compressions yields correct results proxy patches are replayable" time="0.001">
    </testcase>
    <testcase classname="patch compressions yields correct results proxy patches can be reversed" name="patch compressions yields correct results proxy patches can be reversed" time="0">
    </testcase>
    <testcase classname="change then delete property proxy patches are replayable" name="change then delete property proxy patches are replayable" time="0.001">
    </testcase>
    <testcase classname="change then delete property proxy patches can be reversed" name="change then delete property proxy patches can be reversed" time="0.001">
    </testcase>
    <testcase classname="change then delete property valid result" name="change then delete property valid result" time="0">
    </testcase>
    <testcase classname=" replaying patches with interweaved replacements should work correctly" name=" replaying patches with interweaved replacements should work correctly" time="0.149">
    </testcase>
    <testcase classname="#468 proxy" name="#468 proxy" time="0.011">
    </testcase>
    <testcase classname=" #521" name=" #521" time="0.006">
    </testcase>
    <testcase classname=" #559 patches works in a nested reducer with proxies" name=" #559 patches works in a nested reducer with proxies" time="0.011">
    </testcase>
    <testcase classname=" #676 patching Date objects" name=" #676 patching Date objects" time="0.012">
    </testcase>
    <testcase classname=" do not allow __proto__ polution - 738" name=" do not allow __proto__ polution - 738" time="0.184">
    </testcase>
    <testcase classname=" do not allow __proto__ polution using arrays - 738" name=" do not allow __proto__ polution using arrays - 738" time="0.004">
    </testcase>
    <testcase classname=" do not allow prototype polution - 738" name=" do not allow prototype polution - 738" time="0.005">
    </testcase>
    <testcase classname=" do not allow constructor polution - 738" name=" do not allow constructor polution - 738" time="0.002">
    </testcase>
    <testcase classname=" do not allow constructor.prototype polution - 738" name=" do not allow constructor.prototype polution - 738" time="0.004">
    </testcase>
    <testcase classname=" maps can store __proto__, prototype and constructor props" name=" maps can store __proto__, prototype and constructor props" time="0.001">
    </testcase>
    <testcase classname=" CVE-2020-28477 (https://snyk.io/vuln/SNYK-JS-IMMER-1019369) follow up" name=" CVE-2020-28477 (https://snyk.io/vuln/SNYK-JS-IMMER-1019369) follow up" time="0.002">
    </testcase>
    <testcase classname=" #648 assigning object to itself should not change patches" name=" #648 assigning object to itself should not change patches" time="0.006">
    </testcase>
    <testcase classname=" #791 patch for  nothing is stored as undefined" name=" #791 patch for  nothing is stored as undefined" time="0.001">
    </testcase>
    <testcase classname=" #876 Ensure empty patch set for atomic set+delete on Map" name=" #876 Ensure empty patch set for atomic set+delete on Map" time="0.002">
    </testcase>
    <testcase classname=" #888 patch to a primitive produces the primitive" name=" #888 patch to a primitive produces the primitive" time="0.006">
    </testcase>
    <testcase classname="#879 delete item from array proxy produced the correct result" name="#879 delete item from array proxy produced the correct result" time="0.001">
    </testcase>
    <testcase classname="#879 delete item from array proxy patches are replayable" name="#879 delete item from array proxy patches are replayable" time="0.001">
    </testcase>
    <testcase classname="#879 delete item from array proxy patches can be reversed" name="#879 delete item from array proxy patches can be reversed" time="0.001">
    </testcase>
    <testcase classname="#879 delete item from array - 2 proxy produced the correct result" name="#879 delete item from array - 2 proxy produced the correct result" time="0.004">
    </testcase>
    <testcase classname="#879 delete item from array - 2 proxy patches are replayable" name="#879 delete item from array - 2 proxy patches are replayable" time="0.003">
    </testcase>
    <testcase classname="#879 delete item from array - 2 proxy patches can be reversed" name="#879 delete item from array - 2 proxy patches can be reversed" time="0.001">
    </testcase>
    <testcase classname=" #897 appendPatch" name=" #897 appendPatch" time="0.001">
    </testcase>
  </testsuite>
  <testsuite name="undefined" errors="0" failures="0" skipped="0" timestamp="2026-04-22T12:15:18" time="1.085" tests="23">
    <testcase classname=" Set draft constructor is not equal to Set" name=" Set draft constructor is not equal to Set" time="0.007">
    </testcase>
    <testcase classname=" Map draft constructor is not equal to Map" name=" Map draft constructor is not equal to Map" time="0.004">
    </testcase>
    <testcase classname=" Unexpected operation check of Set draft" name=" Unexpected operation check of Set draft" time="0.13">
    </testcase>
    <testcase classname=" Unexpected operation check of Map draft" name=" Unexpected operation check of Map draft" time="0.004">
    </testcase>
    <testcase classname=" immer failed case - freeze Map key" name=" immer failed case - freeze Map key" time="0.003">
    </testcase>
    <testcase classname=" immer failed case - escaped draft" name=" immer failed case - escaped draft" time="0.006">
    </testcase>
    <testcase classname=" Unexpected access to getter property in irrelevant plain objects" name=" Unexpected access to getter property in irrelevant plain objects" time="0.164">
    </testcase>
    <testcase classname=" circular reference" name=" circular reference" time="0.008">
    </testcase>
    <testcase classname=" #18 - set: assigning a non-draft with the same key - 1" name=" #18 - set: assigning a non-draft with the same key - 1" time="0.133">
    </testcase>
    <testcase classname=" #18 - set: assigning a non-draft with the same key - 2" name=" #18 - set: assigning a non-draft with the same key - 2" time="0.013">
    </testcase>
    <testcase classname=" enablePatches and assign with ref array" name=" enablePatches and assign with ref array" time="0.017">
    </testcase>
    <testcase classname=" produce leaks proxy objects when symbols are present" name=" produce leaks proxy objects when symbols are present" time="0.093">
    </testcase>
    <testcase classname=" error key setting in array" name=" error key setting in array" time="0.012">
    </testcase>
    <testcase classname=" #47 Avoid deep copies" name=" #47 Avoid deep copies" time="0.012">
    </testcase>
    <testcase classname=" #61 - type issue: current of Draft&lt;T&gt; type should return T type" name=" #61 - type issue: current of Draft&lt;T&gt; type should return T type" time="0.007">
    </testcase>
    <testcase classname=" set - new Set API" name=" set - new Set API" time="0.008">
    </testcase>
    <testcase classname=" CustomSet" name=" CustomSet" time="0.008">
    </testcase>
    <testcase classname=" CustomMap" name=" CustomMap" time="0.007">
    </testcase>
    <testcase classname=" Unexpected undefined not assigned" name=" Unexpected undefined not assigned" time="0.009">
    </testcase>
    <testcase classname=" apply - map with object key" name=" apply - map with object key" time="0.017">
    </testcase>
    <testcase classname=" apply - symbol key on object" name=" apply - symbol key on object" time="0.02">
    </testcase>
    <testcase classname=" #70 - deep copy patches with Custom Set/Map" name=" #70 - deep copy patches with Custom Set/Map" time="0.012">
    </testcase>
    <testcase classname=" enablePatches and assign with ref array" name=" enablePatches and assign with ref array" time="0.032">
    </testcase>
  </testsuite>
  <testsuite name="undefined" errors="0" failures="0" skipped="0" timestamp="2026-04-22T12:15:18" time="0.898" tests="27">
    <testcase classname=" base" name=" base" time="0.014">
    </testcase>
    <testcase classname=" base enableAutoFreeze: true" name=" base enableAutoFreeze: true" time="0.002">
    </testcase>
    <testcase classname=" base enableAutoFreeze: true - with rawReturn()" name=" base enableAutoFreeze: true - with rawReturn()" time="0.139">
    </testcase>
    <testcase classname="check Primitive type true useRawReturn true: check Primitive type with returning" name="check Primitive type true useRawReturn true: check Primitive type with returning" time="0.004">
    </testcase>
    <testcase classname="check Primitive type true useRawReturn true: check Primitive type with returning and patches" name="check Primitive type true useRawReturn true: check Primitive type with returning and patches" time="0.027">
    </testcase>
    <testcase classname="check Primitive type true useRawReturn true: check Primitive type with returning, patches and freeze" name="check Primitive type true useRawReturn true: check Primitive type with returning, patches and freeze" time="0.026">
    </testcase>
    <testcase classname="check Primitive type true useRawReturn true: check Primitive type with returning, patches, freeze and async" name="check Primitive type true useRawReturn true: check Primitive type with returning, patches, freeze and async" time="0.018">
    </testcase>
    <testcase classname="check Primitive type false useRawReturn false: check Primitive type with returning" name="check Primitive type false useRawReturn false: check Primitive type with returning" time="0.003">
    </testcase>
    <testcase classname="check Primitive type false useRawReturn false: check Primitive type with returning and patches" name="check Primitive type false useRawReturn false: check Primitive type with returning and patches" time="0.018">
    </testcase>
    <testcase classname="check Primitive type false useRawReturn false: check Primitive type with returning, patches and freeze" name="check Primitive type false useRawReturn false: check Primitive type with returning, patches and freeze" time="0.012">
    </testcase>
    <testcase classname="check Primitive type false useRawReturn false: check Primitive type with returning, patches, freeze and async" name="check Primitive type false useRawReturn false: check Primitive type with returning, patches, freeze and async" time="0.034">
    </testcase>
    <testcase classname=" error args" name=" error args" time="0.029">
    </testcase>
    <testcase classname=" check warning rawReturn() in strict mode" name=" check warning rawReturn() in strict mode" time="0.013">
    </testcase>
    <testcase classname=" return parent draft" name=" return parent draft" time="0.005">
    </testcase>
    <testcase classname=" mix more type draft with rawReturn() and enable strict mode" name=" mix more type draft with rawReturn() and enable strict mode" time="0.015">
    </testcase>
    <testcase classname=" mix more type draft without rawReturn()" name=" mix more type draft without rawReturn()" time="0.006">
    </testcase>
    <testcase classname=" mix more type operated draft without rawReturn()" name=" mix more type operated draft without rawReturn()" time="0.032">
    </testcase>
    <testcase classname=" mix more type draft with rawReturn()" name=" mix more type draft with rawReturn()" time="0.036">
    </testcase>
    <testcase classname=" safe returning with non-enumerable or symbolic properties" name=" safe returning with non-enumerable or symbolic properties" time="0.007">
    </testcase>
    <testcase classname=" works with interweaved Immer instances with disable Freeze" name=" works with interweaved Immer instances with disable Freeze" time="0.001">
    </testcase>
    <testcase classname=" deep draft" name=" deep draft" time="0.002">
    </testcase>
    <testcase classname=" case" name=" case" time="0">
    </testcase>
    <testcase classname=" does not finalize upvalue drafts" name=" does not finalize upvalue drafts" time="0.074">
    </testcase>
    <testcase classname=" mixed draft" name=" mixed draft" time="0.006">
    </testcase>
    <testcase classname=" mixed draft with rawReturn()" name=" mixed draft with rawReturn()" time="0.019">
    </testcase>
    <testcase classname=" mixed draft with rawReturn() and strict mode" name=" mixed draft with rawReturn() and strict mode" time="0.003">
    </testcase>
    <testcase classname=" no mixed draft with strict mode" name=" no mixed draft with strict mode" time="0.002">
    </testcase>
  </testsuite>
  <testsuite name="current" errors="0" failures="0" skipped="0" timestamp="2026-04-22T12:15:19" time="0.54" tests="9">
    <testcase classname="current base" name="current base" time="0.015">
    </testcase>
    <testcase classname="current should return the current value" name="current should return the current value" time="0.024">
    </testcase>
    <testcase classname=" nested draft" name=" nested draft" time="0.008">
    </testcase>
    <testcase classname=" #47 current creates new copies of the objects where unnecessary" name=" #47 current creates new copies of the objects where unnecessary" time="0.008">
    </testcase>
    <testcase classname=" current() for changed Set/Map draft" name=" current() for changed Set/Map draft" time="0.003">
    </testcase>
    <testcase classname=" Avoid deep copies" name=" Avoid deep copies" time="0.004">
    </testcase>
    <testcase classname=" nested create() - Avoid deep copies" name=" nested create() - Avoid deep copies" time="0.002">
    </testcase>
    <testcase classname=" #61 - type issue: current of Draft&lt;T&gt; type should return T type" name=" #61 - type issue: current of Draft&lt;T&gt; type should return T type" time="0">
    </testcase>
    <testcase classname=" current() for Custom Set/Map draft" name=" current() for Custom Set/Map draft" time="0.023">
    </testcase>
  </testsuite>
  <testsuite name="undefined" errors="0" failures="0" skipped="0" timestamp="2026-04-22T12:15:19" time="0.852" tests="32">
    <testcase classname=" can update readonly state via standard api" name=" can update readonly state via standard api" time="0.008">
    </testcase>
    <testcase classname=" can infer state type from default state" name=" can infer state type from default state" time="0.001">
    </testcase>
    <testcase classname=" can infer state type from recipe function" name=" can infer state type from recipe function" time="0.11">
    </testcase>
    <testcase classname=" can infer state type from recipe function with arguments" name=" can infer state type from recipe function with arguments" time="0.001">
    </testcase>
    <testcase classname=" can infer state type from recipe function with arguments and initial state" name=" can infer state type from recipe function with arguments and initial state" time="0.002">
    </testcase>
    <testcase classname=" cannot infer state type when the function type and default state are missing" name=" cannot infer state type when the function type and default state are missing" time="0.001">
    </testcase>
    <testcase classname=" can update readonly state via curried api" name=" can update readonly state via curried api" time="0.006">
    </testcase>
    <testcase classname=" can update use the non-default export" name=" can update use the non-default export" time="0.008">
    </testcase>
    <testcase classname=" can apply patches" name=" can apply patches" time="0.002">
    </testcase>
    <testcase classname="curried producer supports rest parameters" name="curried producer supports rest parameters" time="0.001">
    </testcase>
    <testcase classname="curried producer can be passed a readonly array" name="curried producer can be passed a readonly array" time="0.004">
    </testcase>
    <testcase classname=" works with return type of: number" name=" works with return type of: number" time="0.008">
    </testcase>
    <testcase classname=" can return an object type that is identical to the base type" name=" can return an object type that is identical to the base type" time="0.001">
    </testcase>
    <testcase classname=" can NOT return an object type that is _not_ assignable to the base type" name=" can NOT return an object type that is _not_ assignable to the base type" time="0.001">
    </testcase>
    <testcase classname=" does not enforce immutability at the type level" name=" does not enforce immutability at the type level" time="0.001">
    </testcase>
    <testcase classname=" can produce an undefined value" name=" can produce an undefined value" time="0.001">
    </testcase>
    <testcase classname=" can return the draft itself" name=" can return the draft itself" time="0.001">
    </testcase>
    <testcase classname=" works with `void` hack" name=" works with `void` hack" time="0.002">
    </testcase>
    <testcase classname=" works with generic parameters" name=" works with generic parameters" time="0.008">
    </testcase>
    <testcase classname=" can work with non-readonly base types" name=" can work with non-readonly base types" time="0.001">
    </testcase>
    <testcase classname=" can work with readonly base types" name=" can work with readonly base types" time="0.006">
    </testcase>
    <testcase classname=" works with generic array" name=" works with generic array" time="0.003">
    </testcase>
    <testcase classname=" works with Map and Set" name=" works with Map and Set" time="0.007">
    </testcase>
    <testcase classname=" works with readonly Map and Set" name=" works with readonly Map and Set" time="0.007">
    </testcase>
    <testcase classname=" works with ReadonlyMap and ReadonlySet" name=" works with ReadonlyMap and ReadonlySet" time="0.001">
    </testcase>
    <testcase classname=" shows error in production if called incorrectly" name=" shows error in production if called incorrectly" time="0.171">
    </testcase>
    <testcase classname=" #749 types Immer" name=" #749 types Immer" time="0.002">
    </testcase>
    <testcase classname=" infers draft, #720" name=" infers draft, #720" time="0">
    </testcase>
    <testcase classname=" infers draft, #720 - 2" name=" infers draft, #720 - 2" time="0.004">
    </testcase>
    <testcase classname=" infers draft, #720 - 3" name=" infers draft, #720 - 3" time="0">
    </testcase>
    <testcase classname=" infers curried" name=" infers curried" time="0.001">
    </testcase>
    <testcase classname=" allows for mixed property value types" name=" allows for mixed property value types" time="0">
    </testcase>
  </testsuite>
  <testsuite name="undefined" errors="0" failures="0" skipped="0" timestamp="2026-04-22T12:14:57" time="22.137" tests="107">
    <testcase classname=" classic case" name=" classic case" time="0.051">
    </testcase>
    <testcase classname=" array" name=" array" time="0.018">
    </testcase>
    <testcase classname=" object" name=" object" time="0.013">
    </testcase>
    <testcase classname=" object - assign ref" name=" object - assign ref" time="0.01">
    </testcase>
    <testcase classname=" object delete key" name=" object delete key" time="0.01">
    </testcase>
    <testcase classname=" object assign ref" name=" object assign ref" time="0.016">
    </testcase>
    <testcase classname=" patches mutate" name=" patches mutate" time="0.007">
    </testcase>
    <testcase classname=" array" name=" array" time="0.051">
    </testcase>
    <testcase classname=" enablePatches and assign/delete with ref object" name=" enablePatches and assign/delete with ref object" time="0.018">
    </testcase>
    <testcase classname=" enablePatches and assign with ref object" name=" enablePatches and assign with ref object" time="0.011">
    </testcase>
    <testcase classname=" enablePatches and assign with ref array" name=" enablePatches and assign with ref array" time="0.011">
    </testcase>
    <testcase classname=" simple array" name=" simple array" time="0.007">
    </testcase>
    <testcase classname=" array" name=" array" time="0.017">
    </testcase>
    <testcase classname=" simple map" name=" simple map" time="0.01">
    </testcase>
    <testcase classname=" map" name=" map" time="0.013">
    </testcase>
    <testcase classname=" simple set" name=" simple set" time="0.013">
    </testcase>
    <testcase classname=" set" name=" set" time="0.013">
    </testcase>
    <testcase classname=" object with delete" name=" object with delete" time="0.005">
    </testcase>
    <testcase classname=" object with class" name=" object with class" time="0.006">
    </testcase>
    <testcase classname=" object with ref" name=" object with ref" time="0.008">
    </testcase>
    <testcase classname=" array with ref" name=" array with ref" time="0.01">
    </testcase>
    <testcase classname=" array with ref" name=" array with ref" time="0.009">
    </testcase>
    <testcase classname=" array pop with ref" name=" array pop with ref" time="0.007">
    </testcase>
    <testcase classname=" array shift with ref" name=" array shift with ref" time="0.006">
    </testcase>
    <testcase classname=" array splice with ref" name=" array splice with ref" time="0.007">
    </testcase>
    <testcase classname=" array length with ref" name=" array length with ref" time="0.005">
    </testcase>
    <testcase classname=" array setter with ref" name=" array setter with ref" time="0.005">
    </testcase>
    <testcase classname=" object setter with ref" name=" object setter with ref" time="0.007">
    </testcase>
    <testcase classname=" set with ref" name=" set with ref" time="0.033">
    </testcase>
    <testcase classname=" map with ref" name=" map with ref" time="0.037">
    </testcase>
    <testcase classname=" simple assignment - 1" name=" simple assignment - 1" time="0.009">
    </testcase>
    <testcase classname=" simple assignment - 2" name=" simple assignment - 2" time="0.025">
    </testcase>
    <testcase classname=" simple assignment - 3" name=" simple assignment - 3" time="0.02">
    </testcase>
    <testcase classname=" simple assignment - 4" name=" simple assignment - 4" time="0.026">
    </testcase>
    <testcase classname=" simple assignment - 5" name=" simple assignment - 5" time="0.022">
    </testcase>
    <testcase classname=" simple assignment - 6" name=" simple assignment - 6" time="0.012">
    </testcase>
    <testcase classname=" simple assignment - 7" name=" simple assignment - 7" time="0.022">
    </testcase>
    <testcase classname=" delete 1" name=" delete 1" time="0.012">
    </testcase>
    <testcase classname=" delete 2" name=" delete 2" time="0.017">
    </testcase>
    <testcase classname=" delete 3" name=" delete 3" time="0.028">
    </testcase>
    <testcase classname=" delete 5" name=" delete 5" time="0.033">
    </testcase>
    <testcase classname=" delete 6" name=" delete 6" time="0.013">
    </testcase>
    <testcase classname=" delete 7" name=" delete 7" time="0.014">
    </testcase>
    <testcase classname=" nested object (no changes)" name=" nested object (no changes)" time="0.021">
    </testcase>
    <testcase classname=" nested change in object" name=" nested change in object" time="0.026">
    </testcase>
    <testcase classname=" nested change in map" name=" nested change in map" time="0.021">
    </testcase>
    <testcase classname=" nested change in array" name=" nested change in array" time="0.019">
    </testcase>
    <testcase classname=" nested map (no changes)" name=" nested map (no changes)" time="0.028">
    </testcase>
    <testcase classname=" nested object (with changes)" name=" nested object (with changes)" time="0.031">
    </testcase>
    <testcase classname=" nested map (with changes)" name=" nested map (with changes)" time="0.018">
    </testcase>
    <testcase classname=" deeply nested object (with changes)" name=" deeply nested object (with changes)" time="0.027">
    </testcase>
    <testcase classname=" deeply nested map (with changes)" name=" deeply nested map (with changes)" time="0.015">
    </testcase>
    <testcase classname=" minimum amount of changes" name=" minimum amount of changes" time="0.012">
    </testcase>
    <testcase classname=" arrays - prepend" name=" arrays - prepend" time="0.016">
    </testcase>
    <testcase classname=" arrays - multiple prepend" name=" arrays - multiple prepend" time="0.016">
    </testcase>
    <testcase classname=" arrays - splice middle" name=" arrays - splice middle" time="0.01">
    </testcase>
    <testcase classname=" arrays - multiple splice" name=" arrays - multiple splice" time="0.018">
    </testcase>
    <testcase classname=" arrays - modify and shrink" name=" arrays - modify and shrink" time="0.015">
    </testcase>
    <testcase classname=" arrays - prepend then splice middle" name=" arrays - prepend then splice middle" time="0.012">
    </testcase>
    <testcase classname=" arrays - splice middle then prepend" name=" arrays - splice middle then prepend" time="0.007">
    </testcase>
    <testcase classname=" arrays - truncate" name=" arrays - truncate" time="0.004">
    </testcase>
    <testcase classname=" arrays - pop twice" name=" arrays - pop twice" time="0.006">
    </testcase>
    <testcase classname=" arrays - push multiple" name=" arrays - push multiple" time="0.008">
    </testcase>
    <testcase classname=" arrays - splice (expand)" name=" arrays - splice (expand)" time="0.012">
    </testcase>
    <testcase classname=" arrays - splice (shrink)" name=" arrays - splice (shrink)" time="0.011">
    </testcase>
    <testcase classname=" arrays - delete" name=" arrays - delete" time="0.012">
    </testcase>
    <testcase classname=" sets - add - 1" name=" sets - add - 1" time="0.009">
    </testcase>
    <testcase classname=" sets - add, delete, add - 1" name=" sets - add, delete, add - 1" time="0.004">
    </testcase>
    <testcase classname=" sets - add, delete, add - 2" name=" sets - add, delete, add - 2" time="0.01">
    </testcase>
    <testcase classname=" sets - mutate - 1" name=" sets - mutate - 1" time="0.005">
    </testcase>
    <testcase classname=" arrays - splice should should result in remove op." name=" arrays - splice should should result in remove op." time="0.006">
    </testcase>
    <testcase classname=" arrays - NESTED splice should should result in remove op." name=" arrays - NESTED splice should should result in remove op." time="0.006">
    </testcase>
    <testcase classname=" same value replacement - 1" name=" same value replacement - 1" time="0.002">
    </testcase>
    <testcase classname=" same value replacement - 2" name=" same value replacement - 2" time="0.003">
    </testcase>
    <testcase classname=" set value and pop the value (array) - 2" name=" set value and pop the value (array) - 2" time="0.009">
    </testcase>
    <testcase classname=" same value replacement(array) - 2" name=" same value replacement(array) - 2" time="0.003">
    </testcase>
    <testcase classname=" same value replacement(array) - 2" name=" same value replacement(array) - 2" time="0.003">
    </testcase>
    <testcase classname=" same value replacement(set) - 2" name=" same value replacement(set) - 2" time="0.002">
    </testcase>
    <testcase classname=" same value replacement(map) - 2" name=" same value replacement(map) - 2" time="0.007">
    </testcase>
    <testcase classname=" same value replacement - 3" name=" same value replacement - 3" time="0.003">
    </testcase>
    <testcase classname=" same value replacement - 4" name=" same value replacement - 4" time="0.003">
    </testcase>
    <testcase classname=" same value replacement - 4" name=" same value replacement - 4" time="0.002">
    </testcase>
    <testcase classname=" same value replacement - 5" name=" same value replacement - 5" time="0.007">
    </testcase>
    <testcase classname=" same value replacement - 6" name=" same value replacement - 6" time="0.003">
    </testcase>
    <testcase classname=" simple delete" name=" simple delete" time="0.003">
    </testcase>
    <testcase classname=" change then delete property" name=" change then delete property" time="0.003">
    </testcase>
    <testcase classname=" #468" name=" #468" time="0.011">
    </testcase>
    <testcase classname=" #648 assigning object to itself should not change patches" name=" #648 assigning object to itself should not change patches" time="0.004">
    </testcase>
    <testcase classname=" #876 Ensure empty patch set for atomic set+delete on Map" name=" #876 Ensure empty patch set for atomic set+delete on Map" time="0.008">
    </testcase>
    <testcase classname=" #879 delete item from array" name=" #879 delete item from array" time="0.003">
    </testcase>
    <testcase classname=" #879 delete item from array - 2" name=" #879 delete item from array - 2" time="0.003">
    </testcase>
    <testcase classname=" #466 mapChangeBug" name=" #466 mapChangeBug" time="0.007">
    </testcase>
    <testcase classname=" undefined as a map key" name=" undefined as a map key" time="0.001">
    </testcase>
    <testcase classname=" patches issue" name=" patches issue" time="0.006">
    </testcase>
    <testcase classname=" different options - apply patches" name=" different options - apply patches" time="0.193">
    </testcase>
    <testcase classname=" set - patches" name=" set - patches" time="0.006">
[...]
    </testcase>
    <testcase classname="base functionality - auto-freeze=false:shallow-copy=false:use-listener=false base state type plain array returns the base state when no changes are made" name="base functionality - auto-freeze=false:shallow-copy=false:use-listener=false base state type plain array returns the base state when no changes are made" time="0.002">
    </testcase>
    <testcase classname="base functionality - auto-freeze=false:shallow-copy=false:use-listener=false base state type plain array returns a copy when changes are made" name="base functionality - auto-freeze=false:shallow-copy=false:use-listener=false base state type plain array returns a copy when changes are made" time="0">
    </testcase>
    <testcase classname="base functionality - auto-freeze=false:shallow-copy=false:use-listener=false base state type plain array (frozen) creates a draft" name="base functionality - auto-freeze=false:shallow-copy=false:use-listener=false base state type plain array (frozen) creates a draft" time="0">
    </testcase>
    <testcase classname="base functionality - auto-freeze=false:shallow-copy=false:use-listener=false base state type plain array (frozen) preserves the prototype" name="base functionality - auto-freeze=false:shallow-copy=false:use-listener=false base state type plain array (frozen) preserves the prototype" time="0.001">
    </testcase>
    <testcase classname="base functionality - auto-freeze=false:shallow-copy=false:use-listener=false base state type plain array (frozen) returns the base state when no changes are made" name="base functionality - auto-freeze=false:shallow-copy=false:use-listener=false base state type plain array (frozen) returns the base state when no changes are made" time="0.001">
    </testcase>
    <testcase classname="base functionality - auto-freeze=false:shallow-copy=false:use-listener=false base state type plain array (frozen) returns a copy when changes are made" name="base functionality - auto-freeze=false:shallow-copy=false:use-listener=false base state type plain array (frozen) returns a copy when changes are made" time="0.001">
    </testcase>
    <testcase classname="base functionality - auto-freeze=false:shallow-copy=false:use-listener=false base state type class instance (draftable) creates a draft" name="base functionality - auto-freeze=false:shallow-copy=false:use-listener=false base state type class instance (draftable) creates a draft" time="0.001">
    </testcase>
    <testcase classname="base functionality - auto-freeze=false:shallow-copy=false:use-listener=false base state type class instance (draftable) preserves the prototype" name="base functionality - auto-freeze=false:shallow-copy=false:use-listener=false base state type class instance (draftable) preserves the prototype" time="0.001">
    </testcase>
    <testcase classname="base functionality - auto-freeze=false:shallow-copy=false:use-listener=false base state type class instance (draftable) returns the base state when no changes are made" name="base functionality - auto-freeze=false:shallow-copy=false:use-listener=false base state type class instance (draftable) returns the base state when no changes are made" time="0">
    </testcase>
    <testcase classname="base functionality - auto-freeze=false:shallow-copy=false:use-listener=false base state type class instance (draftable) returns a copy when changes are made" name="base functionality - auto-freeze=false:shallow-copy=false:use-listener=false base state type class instance (draftable) returns a copy when changes are made" time="0.001">
    </testcase>
    <testcase classname="base functionality - auto-freeze=false:shallow-copy=false:use-listener=false base state type class instance (draftable) (frozen) creates a draft" name="base functionality - auto-freeze=false:shallow-copy=false:use-listener=false base state type class instance (draftable) (frozen) creates a draft" time="0.001">
    </testcase>
    <testcase classname="base functionality - auto-freeze=false:shallow-copy=false:use-listener=false base state type class instance (draftable) (frozen) preserves the prototype" name="base functionality - auto-freeze=false:shallow-copy=false:use-listener=false base state type class instance (draftable) (frozen) preserves the prototype" time="0.002">
    </testcase>
    <testcase classname="base functionality - auto-freeze=false:shallow-copy=false:use-listener=false base state type class instance (draftable) (frozen) returns the base state when no changes are made" name="base functionality - auto-freeze=false:shallow-copy=false:use-listener=false base state type class instance (draftable) (frozen) returns the base state when no changes are made" time="0.001">
    </testcase>
    <testcase classname="base functionality - auto-freeze=false:shallow-copy=false:use-listener=false base state type class instance (draftable) (frozen) returns a copy when changes are made" name="base functionality - auto-freeze=false:shallow-copy=false:use-listener=false base state type class instance (draftable) (frozen) returns a copy when changes are made" time="0.002">
    </testcase>
    <testcase classname="base functionality - auto-freeze=false:shallow-copy=false:use-listener=false base state type class with getters should use a method to assing a field using a getter that return a non primitive object" name="base functionality - auto-freeze=false:shallow-copy=false:use-listener=false base state type class with getters should use a method to assing a field using a getter that return a non primitive object" time="0.001">
    </testcase>
    <testcase classname="base functionality - auto-freeze=false:shallow-copy=false:use-listener=false base state type super class with getters should use a method to assing a field using a getter that return a non primitive object" name="base functionality - auto-freeze=false:shallow-copy=false:use-listener=false base state type super class with getters should use a method to assing a field using a getter that return a non primitive object" time="0.001">
    </testcase>
    <testcase classname="base functionality - auto-freeze=false:shallow-copy=false:use-listener=false base state type class with setters should define a field with a setter" name="base functionality - auto-freeze=false:shallow-copy=false:use-listener=false base state type class with setters should define a field with a setter" time="0.001">
    </testcase>
    <testcase classname="base functionality - auto-freeze=false:shallow-copy=false:use-listener=false base state type falsy number does not create a draft" name="base functionality - auto-freeze=false:shallow-copy=false:use-listener=false base state type falsy number does not create a draft" time="0">
    </testcase>
    <testcase classname="base functionality - auto-freeze=false:shallow-copy=false:use-listener=false base state type falsy number returns the base state when no changes are made" name="base functionality - auto-freeze=false:shallow-copy=false:use-listener=false base state type falsy number returns the base state when no changes are made" time="0.001">
    </testcase>
    <testcase classname="base functionality - auto-freeze=false:shallow-copy=false:use-listener=false base state type truthy number does not create a draft" name="base functionality - auto-freeze=false:shallow-copy=false:use-listener=false base state type truthy number does not create a draft" time="0.001">
    </testcase>
    <testcase classname="base functionality - auto-freeze=false:shallow-copy=false:use-listener=false base state type truthy number returns the base state when no changes are made" name="base functionality - auto-freeze=false:shallow-copy=false:use-listener=false base state type truthy number returns the base state when no changes are made" time="0">
    </testcase>
    <testcase classname="base functionality - auto-freeze=false:shallow-copy=false:use-listener=false base state type negative number does not create a draft" name="base functionality - auto-freeze=false:shallow-copy=false:use-listener=false base state type negative number does not create a draft" time="0">
    </testcase>
    <testcase classname="base functionality - auto-freeze=false:shallow-copy=false:use-listener=false base state type negative number returns the base state when no changes are made" name="base functionality - auto-freeze=false:shallow-copy=false:use-listener=false base state type negative number returns the base state when no changes are made" time="0.001">
    </testcase>
    <testcase classname="base functionality - auto-freeze=false:shallow-copy=false:use-listener=false base state type NaN does not create a draft" name="base functionality - auto-freeze=false:shallow-copy=false:use-listener=false base state type NaN does not create a draft" time="0.001">
    </testcase>
    <testcase classname="base functionality - auto-freeze=false:shallow-copy=false:use-listener=false base state type NaN returns the base state when no changes are made" name="base functionality - auto-freeze=false:shallow-copy=false:use-listener=false base state type NaN returns the base state when no changes are made" time="0">
    </testcase>
    <testcase classname="base functionality - auto-freeze=false:shallow-copy=false:use-listener=false base state type infinity does not create a draft" name="base functionality - auto-freeze=false:shallow-copy=false:use-listener=false base state type infinity does not create a draft" time="0">
    </testcase>
    <testcase classname="base functionality - auto-freeze=false:shallow-copy=false:use-listener=false base state type infinity returns the base state when no changes are made" name="base functionality - auto-freeze=false:shallow-copy=false:use-listener=false base state type infinity returns the base state when no changes are made" time="0.001">
    </testcase>
    <testcase classname="base functionality - auto-freeze=false:shallow-copy=false:use-listener=false base state type true does not create a draft" name="base functionality - auto-freeze=false:shallow-copy=false:use-listener=false base state type true does not create a draft" time="0.001">
    </testcase>
    <testcase classname="base functionality - auto-freeze=false:shallow-copy=false:use-listener=false base state type true returns the base state when no changes are made" name="base functionality - auto-freeze=false:shallow-copy=false:use-listener=false base state type true returns the base state when no changes are made" time="0.002">
    </testcase>
    <testcase classname="base functionality - auto-freeze=false:shallow-copy=false:use-listener=false base state type false does not create a draft" name="base functionality - auto-freeze=false:shallow-copy=false:use-listener=false base state type false does not create a draft" time="0.002">
    </testcase>
    <testcase classname="base functionality - auto-freeze=false:shallow-copy=false:use-listener=false base state type false returns the base state when no changes are made" name="base functionality - auto-freeze=false:shallow-copy=false:use-listener=false base state type false returns the base state when no changes are made" time="0.002">
    </testcase>
    <testcase classname="base functionality - auto-freeze=false:shallow-copy=false:use-listener=false base state type empty string does not create a draft" name="base functionality - auto-freeze=false:shallow-copy=false:use-listener=false base state type empty string does not create a draft" time="0.001">
    </testcase>
    <testcase classname="base functionality - auto-freeze=false:shallow-copy=false:use-listener=false base state type empty string returns the base state when no changes are made" name="base functionality - auto-freeze=false:shallow-copy=false:use-listener=false base state type empty string returns the base state when no changes are made" time="0">
    </testcase>
    <testcase classname="base functionality - auto-freeze=false:shallow-copy=false:use-listener=false base state type truthy string does not create a draft" name="base functionality - auto-freeze=false:shallow-copy=false:use-listener=false base state type truthy string does not create a draft" time="0">
    </testcase>
    <testcase classname="base functionality - auto-freeze=false:shallow-copy=false:use-listener=false base state type truthy string returns the base state when no changes are made" name="base functionality - auto-freeze=false:shallow-copy=false:use-listener=false base state type truthy string returns the base state when no changes are made" time="0.001">
    </testcase>
    <testcase classname="base functionality - auto-freeze=false:shallow-copy=false:use-listener=false base state type null does not create a draft" name="base functionality - auto-freeze=false:shallow-copy=false:use-listener=false base state type null does not create a draft" time="0.001">
    </testcase>
    <testcase classname="base functionality - auto-freeze=false:shallow-copy=false:use-listener=false base state type null returns the base state when no changes are made" name="base functionality - auto-freeze=false:shallow-copy=false:use-listener=false base state type null returns the base state when no changes are made" time="0.001">
    </testcase>
    <testcase classname="base functionality - auto-freeze=false:shallow-copy=false:use-listener=false base state type undefined does not create a draft" name="base functionality - auto-freeze=false:shallow-copy=false:use-listener=false base state type undefined does not create a draft" time="0">
    </testcase>
    <testcase classname="base functionality - auto-freeze=false:shallow-copy=false:use-listener=false base state type undefined returns the base state when no changes are made" name="base functionality - auto-freeze=false:shallow-copy=false:use-listener=false base state type undefined returns the base state when no changes are made" time="0.001">
    </testcase>
    <testcase classname="base functionality - auto-freeze=false:shallow-copy=false:use-listener=false base state type function does not create a draft" name="base functionality - auto-freeze=false:shallow-copy=false:use-listener=false base state type function does not create a draft" time="0.001">
    </testcase>
    <testcase classname="base functionality - auto-freeze=false:shallow-copy=false:use-listener=false base state type function returns the base state when no changes are made" name="base functionality - auto-freeze=false:shallow-copy=false:use-listener=false base state type function returns the base state when no changes are made" time="0.001">
    </testcase>
    <testcase classname="base functionality - auto-freeze=false:shallow-copy=false:use-listener=false base state type regexp object does not return a copy when changes are made" name="base functionality - auto-freeze=false:shallow-copy=false:use-listener=false base state type regexp object does not return a copy when changes are made" time="0.001">
    </testcase>
    <testcase classname="base functionality - auto-freeze=false:shallow-copy=false:use-listener=false base state type boxed number does not return a copy when changes are made" name="base functionality - auto-freeze=false:shallow-copy=false:use-listener=false base state type boxed number does not return a copy when changes are made" time="0.002">
    </testcase>
    <testcase classname="base functionality - auto-freeze=false:shallow-copy=false:use-listener=false base state type boxed string does not return a copy when changes are made" name="base functionality - auto-freeze=false:shallow-copy=false:use-listener=false base state type boxed string does not return a copy when changes are made" time="0.004">
    </testcase>
    <testcase classname="base functionality - auto-freeze=false:shallow-copy=false:use-listener=false base state type boxed boolean does not return a copy when changes are made" name="base functionality - auto-freeze=false:shallow-copy=false:use-listener=false base state type boxed boolean does not return a copy when changes are made" time="0.002">
    </testcase>
    <testcase classname="base functionality - auto-freeze=false:shallow-copy=false:use-listener=false base state type date object does not return a copy when changes are made" name="base functionality - auto-freeze=false:shallow-copy=false:use-listener=false base state type date object does not return a copy when changes are made" time="0.001">
    </testcase>
    <testcase classname="base functionality - auto-freeze=false:shallow-copy=false:use-listener=false base state type class instance (not draftable) does not return a copy when changes are made" name="base functionality - auto-freeze=false:shallow-copy=false:use-listener=false base state type class instance (not draftable) does not return a copy when changes are made" time="0.001">
    </testcase>
    <testcase classname=" works with spread #524 - auto-freeze=false:shallow-copy=false:use-listener=false" name=" works with spread #524 - auto-freeze=false:shallow-copy=false:use-listener=false" time="0.002">
    </testcase>
    <testcase classname=" Something with nested producers #522 auto-freeze=false:shallow-copy=false:use-listener=false" name=" Something with nested producers #522 auto-freeze=false:shallow-copy=false:use-listener=false" time="0.001">
    </testcase>
    <testcase classname="isDraft - auto-freeze=false:shallow-copy=false:use-listener=false returns true for object drafts" name="isDraft - auto-freeze=false:shallow-copy=false:use-listener=false returns true for object drafts" time="0.001">
    </testcase>
    <testcase classname="isDraft - auto-freeze=false:shallow-copy=false:use-listener=false returns true for array drafts" name="isDraft - auto-freeze=false:shallow-copy=false:use-listener=false returns true for array drafts" time="0">
    </testcase>
    <testcase classname="isDraft - auto-freeze=false:shallow-copy=false:use-listener=false returns true for objects nested in object drafts" name="isDraft - auto-freeze=false:shallow-copy=false:use-listener=false returns true for objects nested in object drafts" time="0">
    </testcase>
    <testcase classname="isDraft - auto-freeze=false:shallow-copy=false:use-listener=false returns false for new objects added to a draft" name="isDraft - auto-freeze=false:shallow-copy=false:use-listener=false returns false for new objects added to a draft" time="0">
    </testcase>
    <testcase classname="isDraft - auto-freeze=false:shallow-copy=false:use-listener=false returns false for objects returned by the producer" name="isDraft - auto-freeze=false:shallow-copy=false:use-listener=false returns false for objects returned by the producer" time="0.001">
    </testcase>
    <testcase classname="isDraft - auto-freeze=false:shallow-copy=false:use-listener=false returns false for arrays returned by the producer" name="isDraft - auto-freeze=false:shallow-copy=false:use-listener=false returns false for arrays returned by the producer" time="0.001">
    </testcase>
    <testcase classname="isDraft - auto-freeze=false:shallow-copy=false:use-listener=false returns false for object drafts returned by the producer" name="isDraft - auto-freeze=false:shallow-copy=false:use-listener=false returns false for object drafts returned by the producer" time="0">
    </testcase>
    <testcase classname="isDraft - auto-freeze=false:shallow-copy=false:use-listener=false returns false for array drafts returned by the producer" name="isDraft - auto-freeze=false:shallow-copy=false:use-listener=false returns false for array drafts returned by the producer" time="0.001">
    </testcase>
    <testcase classname="complex nesting map / set / object modify deep object" name="complex nesting map / set / object modify deep object" time="0.004">
    </testcase>
    <testcase classname="complex nesting map / set / object modify deep object - keep value" name="complex nesting map / set / object modify deep object - keep value" time="0.002">
    </testcase>
  </testsuite>
</testsuites>